Time: 8.3.2025, 20:05:57
Error: Route /api/auth/register/ not found.

-----------------------------------------------------

Time: 8.3.2025, 20:09:14
Error: Route /api/auth/register/ not found.

-----------------------------------------------------

Time: 9.3.2025, 2:18:15
Error: Route /api/users/ not found.

-----------------------------------------------------

Time: 9.3.2025, 2:19:20
Error: Route /api/users/ not found.

-----------------------------------------------------

Time: 9.3.2025, 9:55:27
Error: Route /api/users/ not found.

-----------------------------------------------------

Time: 9.3.2025, 10:02:21
Error: Route /api/users/ not found.

-----------------------------------------------------

Time: 9.3.2025, 11:01:13
Error: Route /api/users/ not found.

-----------------------------------------------------

Time: 9.3.2025, 16:04:25
Error: Route / not found.

-----------------------------------------------------

Time: 9.3.2025, 16:04:26
Error: Route / not found.

-----------------------------------------------------

Time: 9.3.2025, 16:04:27
Error: Route / not found.

-----------------------------------------------------

Time: 9.3.2025, 16:04:28
Error: Route / not found.

-----------------------------------------------------

Time: 9.3.2025, 16:04:28
Error: Route / not found.

-----------------------------------------------------

Time: 9.3.2025, 16:04:44
Error: Route / not found.

-----------------------------------------------------

Time: 9.3.2025, 16:09:14
Error: Route / not found.

-----------------------------------------------------

Time: 9.3.2025, 16:09:19
Error: Route / not found.

-----------------------------------------------------

Time: 9.3.2025, 16:09:42
Error: Route / not found.

-----------------------------------------------------

Time: 9.3.2025, 16:19:13
Error: Route / not found.

-----------------------------------------------------

Time: 9.3.2025, 16:33:56
Error: Route / not found.

-----------------------------------------------------

Time: 9.3.2025, 16:48:30
Error: Route / not found.

-----------------------------------------------------

Time: 9.3.2025, 17:18:41
Error: Route / not found.

-----------------------------------------------------

